\BOOKMARK [1][-]{section.1}{\376\377\000G\000i\036\333\000i\000\040\000t\000h\000i\036\307\000u}{}% 1
\BOOKMARK [2][-]{subsection.1.1}{\376\377\000B\036\321\000i\000\040\000c\036\243\000n\000h\000\040\001\021\036\301\000\040\000t\000\340\000i}{section.1}% 2
\BOOKMARK [2][-]{subsection.1.2}{\376\377\001\020\036\267\000t\000\040\000v\036\245\000n\000\040\001\021\036\301}{section.1}% 3
\BOOKMARK [2][-]{subsection.1.3}{\376\377\000H\001\260\036\333\000n\000g\000\040\000t\000i\036\277\000p\000\040\000c\036\255\000n}{section.1}% 4
\BOOKMARK [1][-]{section.2}{\376\377\000T\036\255\000p\000\040\000d\036\357\000\040\000l\000i\036\307\000u\000\040\000f\000i\000n\000e\000-\000t\000u\000n\000e}{}% 5
\BOOKMARK [2][-]{subsection.2.1}{\376\377\000G\000i\036\333\000i\000\040\000t\000h\000i\036\307\000u}{section.2}% 6
\BOOKMARK [2][-]{subsection.2.2}{\376\377\000T\036\255\000p\000\040\000d\036\357\000\040\000l\000i\036\307\000u\000\040\000b\000-\000m\000c\0002\000/\000s\000q\000l\000-\000c\000r\000e\000a\000t\000e\000-\000c\000o\000n\000t\000e\000x\000t}{section.2}% 7
\BOOKMARK [2][-]{subsection.2.3}{\376\377\000T\036\255\000p\000\040\000d\036\357\000\040\000l\000i\036\307\000u\000\040\000C\000l\000i\000n\000t\000o\000n\000/\000T\000e\000x\000t\000-\000t\000o\000-\000s\000q\000l\000-\000v\0001}{section.2}% 8
\BOOKMARK [1][-]{section.3}{\376\377\000K\000i\036\277\000n\000\040\000t\000r\000\372\000c\000\040\000T\000r\000a\000n\000s\000f\000o\000r\000m\000e\000r}{}% 9
\BOOKMARK [2][-]{subsection.3.1}{\376\377\000T\036\325\000n\000g\000\040\000Q\000u\000a\000n}{section.3}% 10
\BOOKMARK [2][-]{subsection.3.2}{\376\377\000H\000a\000i\000\040\000k\000h\036\321\000i\000\040\000E\000n\000c\000o\000d\000e\000r\000\040\000v\000\340\000\040\000D\000e\000c\000o\000d\000e\000r}{section.3}% 11
\BOOKMARK [2][-]{subsection.3.3}{\376\377\000E\000m\000b\000e\000d\000d\000i\000n\000g\000\040\000v\000\340\000\040\000P\000o\000s\000i\000t\000i\000o\000n\000a\000l\000\040\000E\000n\000c\000o\000d\000i\000n\000g}{section.3}% 12
\BOOKMARK [3][-]{subsubsection.3.3.1}{\376\377\000I\000n\000p\000u\000t\000\040\000E\000m\000b\000e\000d\000d\000i\000n\000g\000\040\000v\000\340\000\040\000O\000u\000t\000p\000u\000t\000\040\000E\000m\000b\000e\000d\000d\000i\000n\000g}{subsection.3.3}% 13
\BOOKMARK [3][-]{subsubsection.3.3.2}{\376\377\000P\000o\000s\000i\000t\000i\000o\000n\000a\000l\000\040\000E\000n\000c\000o\000d\000i\000n\000g}{subsection.3.3}% 14
\BOOKMARK [2][-]{subsection.3.4}{\376\377\000K\000h\036\321\000i\000\040\000M\000u\000l\000t\000i\000-\000H\000e\000a\000d\000e\000d\000\040\000A\000t\000t\000e\000n\000t\000i\000o\000n}{section.3}% 15
\BOOKMARK [3][-]{subsubsection.3.4.1}{\376\377\000S\000c\000a\000l\000e\000d\000\040\000D\000o\000t\000-\000P\000r\000o\000d\000u\000c\000t\000\040\000A\000t\000t\000e\000n\000t\000i\000o\000n}{subsection.3.4}% 16
\BOOKMARK [3][-]{subsubsection.3.4.2}{\376\377\000M\000u\000l\000t\000i\000-\000h\000e\000a\000d\000e\000d\000\040\000A\000t\000t\000e\000n\000t\000i\000o\000n}{subsection.3.4}% 17
\BOOKMARK [2][-]{subsection.3.5}{\376\377\000A\000d\000d\000\040\000v\000\340\000\040\000L\000a\000y\000e\000r\000N\000o\000r\000m\000a\000l\000i\000z\000a\000t\000i\000o\000n}{section.3}% 18
\BOOKMARK [3][-]{subsubsection.3.5.1}{\376\377\000A\000d\000d}{subsection.3.5}% 19
\BOOKMARK [3][-]{subsubsection.3.5.2}{\376\377\000L\000a\000y\000e\000r\000N\000o\000r\000m\000a\000l\000i\000z\000a\000t\000i\000o\000n}{subsection.3.5}% 20
\BOOKMARK [2][-]{subsection.3.6}{\376\377\000P\000o\000s\000i\000t\000i\000o\000n\000-\000w\000i\000s\000e\000\040\000F\000e\000e\000d\000\040\000F\000o\000r\000w\000a\000r\000d\000\040\000N\000e\000t\000w\000o\000r\000k}{section.3}% 21
\BOOKMARK [1][-]{section.4}{\376\377\000M\000\364\000\040\000h\000\354\000n\000h\000\040\000T\0005\000\040\000S\000m\000a\000l\000l}{}% 22
\BOOKMARK [2][-]{subsection.4.1}{\376\377\000G\000i\036\333\000i\000\040\000t\000h\000i\036\307\000u}{section.4}% 23
\BOOKMARK [2][-]{subsection.4.2}{\376\377\000P\000r\000e\000-\000t\000r\000a\000i\000n\000i\000n\000g\000\040\000T\0005}{section.4}% 24
\BOOKMARK [2][-]{subsection.4.3}{\376\377\000T\000h\000a\000m\000\040\000s\036\321}{section.4}% 25
\BOOKMARK [1][-]{section.5}{\376\377\000F\000i\000n\000e\000-\000t\000u\000n\000e\000\040\000m\000\364\000\040\000h\000\354\000n\000h\000\040\000s\000i\000n\000h\000\040\000t\000r\000u\000y\000\040\000v\036\245\000n\000\040\000S\000Q\000L\000\040\000t\036\353\000\040\000y\000\352\000u\000\040\000c\036\247\000u}{}% 26
\BOOKMARK [2][-]{subsection.5.1}{\376\377\000T\000i\036\301\000n\000\040\000x\036\355\000\040\000l\000\375\000\040\000d\036\357\000\040\000l\000i\036\307\000u}{section.5}% 27
\BOOKMARK [2][-]{subsection.5.2}{\376\377\000F\000i\000n\000e\000-\000t\000u\000n\000e\000\040\000m\000\364\000\040\000h\000\354\000n\000h}{section.5}% 28
\BOOKMARK [3][-]{subsubsection.5.2.1}{\376\377\000T\000h\000u\036\255\000t\000\040\000t\000o\000\341\000n\000\040\000L\000a\000n\000\040\000T\000r\000u\000y\036\301\000n\000\040\000N\000g\001\260\036\343\000c\000\040\000\050\000B\000a\000c\000k\000p\000r\000o\000p\000a\000g\000a\000t\000i\000o\000n\000\051}{subsection.5.2}% 29
\BOOKMARK [3][-]{subsubsection.5.2.2}{\376\377\000G\000r\000a\000d\000i\000e\000n\000t\000\040\000D\000e\000s\000c\000e\000n\000t\000\040\000-\000\040\000A\000d\000a\000m\000W}{subsection.5.2}% 30
\BOOKMARK [3][-]{subsubsection.5.2.3}{\376\377\000H\000\340\000m\000\040\000l\036\327\000i\000\040\000C\000r\000o\000s\000s\000E\000n\000t\000r\000o\000p\000y\000L\000o\000s\000s}{subsection.5.2}% 31
\BOOKMARK [3][-]{subsubsection.5.2.4}{\376\377\000F\000i\000n\000e\000-\000t\000u\000n\000e}{subsection.5.2}% 32
\BOOKMARK [2][-]{subsection.5.3}{\376\377\001\020\000\341\000n\000h\000\040\000g\000i\000\341\000\040\000m\000\364\000\040\000h\000\354\000n\000h}{section.5}% 33
\BOOKMARK [1][-]{section.6}{\376\377\000T\000r\000i\036\303\000n\000\040\000k\000h\000a\000i\000\040\000m\000\364\000\040\000h\000\354\000n\000h}{}% 34
